{"/home/zsheng/uscwebsite-hackathon-backend/db.ts": {"path":"/home/zsheng/uscwebsite-hackathon-backend/db.ts","statementMap":{"0":{"start":{"line":3,"column":24},"end":{"line":6,"column":1}},"1":{"start":{"line":8,"column":22},"end":{"line":8,"column":66}},"2":{"start":{"line":10,"column":0},"end":{"line":10,"column":74}},"3":{"start":{"line":10,"column":43},"end":{"line":10,"column":74}}},"fnMap":{},"branchMap":{"0":{"loc":{"start":{"line":8,"column":22},"end":{"line":8,"column":66}},"type":"binary-expr","locations":[{"start":{"line":8,"column":22},"end":{"line":8,"column":44}},{"start":{"line":8,"column":48},"end":{"line":8,"column":66}}],"line":8},"1":{"loc":{"start":{"line":10,"column":0},"end":{"line":10,"column":74}},"type":"if","locations":[{"start":{"line":10,"column":0},"end":{"line":10,"column":74}},{"start":{},"end":{}}],"line":10}},"s":{"0":1,"1":1,"2":1,"3":1},"f":{},"b":{"0":[1,1],"1":[1,0]},"_coverageSchema":"1a1c01bbd47fc00a2c39e90264f33305004495a9","hash":"2aa34d21df96595e5abbbab1e27998988efc971b"}
,"/home/zsheng/uscwebsite-hackathon-backend/src/config/common.ts": {"path":"/home/zsheng/uscwebsite-hackathon-backend/src/config/common.ts","statementMap":{"0":{"start":{"line":8,"column":2},"end":{"line":8,"column":47}},"1":{"start":{"line":12,"column":2},"end":{"line":19,"column":4}},"2":{"start":{"line":23,"column":41},"end":{"line":26,"column":1}},"3":{"start":{"line":27,"column":45},"end":{"line":30,"column":1}},"4":{"start":{"line":31,"column":45},"end":{"line":34,"column":1}},"5":{"start":{"line":35,"column":50},"end":{"line":38,"column":1}},"6":{"start":{"line":41,"column":2},"end":{"line":43,"column":3}},"7":{"start":{"line":42,"column":4},"end":{"line":42,"column":72}}},"fnMap":{"0":{"name":"parseEnvToInt","decl":{"start":{"line":7,"column":9},"end":{"line":7,"column":22}},"loc":{"start":{"line":7,"column":77},"end":{"line":9,"column":1}},"line":7},"1":{"name":"getSlugFromIgName","decl":{"start":{"line":11,"column":16},"end":{"line":11,"column":33}},"loc":{"start":{"line":11,"column":58},"end":{"line":20,"column":1}},"line":11},"2":{"name":"throwIfNotAdmin","decl":{"start":{"line":40,"column":22},"end":{"line":40,"column":37}},"loc":{"start":{"line":40,"column":58},"end":{"line":44,"column":1}},"line":40}},"branchMap":{"0":{"loc":{"start":{"line":8,"column":9},"end":{"line":8,"column":47}},"type":"binary-expr","locations":[{"start":{"line":8,"column":10},"end":{"line":8,"column":16}},{"start":{"line":8,"column":20},"end":{"line":8,"column":34}},{"start":{"line":8,"column":39},"end":{"line":8,"column":47}}],"line":8},"1":{"loc":{"start":{"line":41,"column":2},"end":{"line":43,"column":3}},"type":"if","locations":[{"start":{"line":41,"column":2},"end":{"line":43,"column":3}},{"start":{},"end":{}}],"line":41}},"s":{"0":8,"1":0,"2":2,"3":2,"4":2,"5":2,"6":0,"7":0},"f":{"0":8,"1":0,"2":0},"b":{"0":[8,6,2],"1":[0,0]},"_coverageSchema":"1a1c01bbd47fc00a2c39e90264f33305004495a9","hash":"a1e7e94acf1d886e029e216aa42d0b6b882c6958"}
,"/home/zsheng/uscwebsite-hackathon-backend/src/exceptions/HttpException.ts": {"path":"/home/zsheng/uscwebsite-hackathon-backend/src/exceptions/HttpException.ts","statementMap":{"0":{"start":{"line":17,"column":4},"end":{"line":17,"column":24}},"1":{"start":{"line":18,"column":4},"end":{"line":18,"column":26}}},"fnMap":{"0":{"name":"(anonymous_0)","decl":{"start":{"line":13,"column":2},"end":{"line":13,"column":3}},"loc":{"start":{"line":16,"column":4},"end":{"line":19,"column":3}},"line":16}},"branchMap":{"0":{"loc":{"start":{"line":15,"column":4},"end":{"line":15,"column":51}},"type":"default-arg","locations":[{"start":{"line":15,"column":23},"end":{"line":15,"column":51}}],"line":15}},"s":{"0":3,"1":3},"f":{"0":3},"b":{"0":[0]},"_coverageSchema":"1a1c01bbd47fc00a2c39e90264f33305004495a9","hash":"3770bca354a342982ababef92925925067297ec7"}
,"/home/zsheng/uscwebsite-hackathon-backend/src/middlewares/checks.ts": {"path":"/home/zsheng/uscwebsite-hackathon-backend/src/middlewares/checks.ts","statementMap":{"0":{"start":{"line":23,"column":17},"end":{"line":50,"column":4}},"1":{"start":{"line":51,"column":2},"end":{"line":51,"column":26}},"2":{"start":{"line":56,"column":2},"end":{"line":56,"column":37}},"3":{"start":{"line":69,"column":2},"end":{"line":80,"column":3}},"4":{"start":{"line":90,"column":17},"end":{"line":103,"column":4}},"5":{"start":{"line":104,"column":2},"end":{"line":104,"column":26}},"6":{"start":{"line":114,"column":33},"end":{"line":114,"column":40}},"7":{"start":{"line":115,"column":22},"end":{"line":115,"column":52}},"8":{"start":{"line":117,"column":2},"end":{"line":126,"column":3}},"9":{"start":{"line":119,"column":4},"end":{"line":119,"column":15}},"10":{"start":{"line":123,"column":6},"end":{"line":124,"column":23}},"11":{"start":{"line":125,"column":4},"end":{"line":125,"column":49}},"12":{"start":{"line":140,"column":20},"end":{"line":140,"column":33}},"13":{"start":{"line":141,"column":18},"end":{"line":141,"column":29}},"14":{"start":{"line":142,"column":22},"end":{"line":153,"column":4}},"15":{"start":{"line":155,"column":2},"end":{"line":155,"column":65}},"16":{"start":{"line":167,"column":45},"end":{"line":167,"column":52}},"17":{"start":{"line":168,"column":21},"end":{"line":181,"column":4}},"18":{"start":{"line":183,"column":2},"end":{"line":185,"column":3}},"19":{"start":{"line":184,"column":4},"end":{"line":184,"column":15}},"20":{"start":{"line":187,"column":31},"end":{"line":198,"column":4}},"21":{"start":{"line":200,"column":31},"end":{"line":211,"column":4}},"22":{"start":{"line":214,"column":35},"end":{"line":219,"column":10}},"23":{"start":{"line":221,"column":33},"end":{"line":226,"column":10}},"24":{"start":{"line":228,"column":2},"end":{"line":228,"column":59}}},"fnMap":{"0":{"name":"checkUserinOrg","decl":{"start":{"line":18,"column":22},"end":{"line":18,"column":36}},"loc":{"start":{"line":21,"column":20},"end":{"line":52,"column":1}},"line":21},"1":{"name":"convertDateToMinutes","decl":{"start":{"line":55,"column":9},"end":{"line":55,"column":29}},"loc":{"start":{"line":55,"column":50},"end":{"line":57,"column":1}},"line":55},"2":{"name":"checkStartEndTime","decl":{"start":{"line":68,"column":16},"end":{"line":68,"column":33}},"loc":{"start":{"line":68,"column":67},"end":{"line":81,"column":1}},"line":68},"3":{"name":"checkIsUserAdmin","decl":{"start":{"line":89,"column":22},"end":{"line":89,"column":38}},"loc":{"start":{"line":89,"column":73},"end":{"line":105,"column":1}},"line":89},"4":{"name":"checkBookingPrivelege","decl":{"start":{"line":113,"column":22},"end":{"line":113,"column":43}},"loc":{"start":{"line":113,"column":69},"end":{"line":127,"column":1}},"line":113},"5":{"name":"checkConflictingBooking","decl":{"start":{"line":136,"column":22},"end":{"line":136,"column":45}},"loc":{"start":{"line":139,"column":20},"end":{"line":156,"column":1}},"line":139},"6":{"name":"checkStackedBookings","decl":{"start":{"line":166,"column":22},"end":{"line":166,"column":42}},"loc":{"start":{"line":166,"column":68},"end":{"line":229,"column":1}},"line":166}},"branchMap":{"0":{"loc":{"start":{"line":70,"column":4},"end":{"line":79,"column":18}},"type":"binary-expr","locations":[{"start":{"line":70,"column":4},"end":{"line":72,"column":27}},{"start":{"line":73,"column":4},"end":{"line":75,"column":7}},{"start":{"line":76,"column":4},"end":{"line":76,"column":54}},{"start":{"line":78,"column":4},"end":{"line":79,"column":18}}],"line":70},"1":{"loc":{"start":{"line":117,"column":2},"end":{"line":126,"column":3}},"type":"if","locations":[{"start":{"line":117,"column":2},"end":{"line":126,"column":3}},{"start":{"line":120,"column":9},"end":{"line":126,"column":3}}],"line":117},"2":{"loc":{"start":{"line":147,"column":10},"end":{"line":147,"column":62}},"type":"cond-expr","locations":[{"start":{"line":147,"column":41},"end":{"line":147,"column":57}},{"start":{"line":147,"column":60},"end":{"line":147,"column":62}}],"line":147},"3":{"loc":{"start":{"line":155,"column":9},"end":{"line":155,"column":65}},"type":"binary-expr","locations":[{"start":{"line":155,"column":9},"end":{"line":155,"column":31}},{"start":{"line":155,"column":35},"end":{"line":155,"column":65}}],"line":155},"4":{"loc":{"start":{"line":183,"column":2},"end":{"line":185,"column":3}},"type":"if","locations":[{"start":{"line":183,"column":2},"end":{"line":185,"column":3}},{"start":{},"end":{}}],"line":183},"5":{"loc":{"start":{"line":214,"column":35},"end":{"line":219,"column":10}},"type":"cond-expr","locations":[{"start":{"line":215,"column":6},"end":{"line":218,"column":32}},{"start":{"line":219,"column":6},"end":{"line":219,"column":10}}],"line":214},"6":{"loc":{"start":{"line":221,"column":33},"end":{"line":226,"column":10}},"type":"cond-expr","locations":[{"start":{"line":222,"column":6},"end":{"line":225,"column":32}},{"start":{"line":226,"column":6},"end":{"line":226,"column":10}}],"line":221},"7":{"loc":{"start":{"line":228,"column":9},"end":{"line":228,"column":59}},"type":"binary-expr","locations":[{"start":{"line":228,"column":9},"end":{"line":228,"column":33}},{"start":{"line":228,"column":37},"end":{"line":228,"column":59}}],"line":228}},"s":{"0":3,"1":3,"2":26,"3":5,"4":3,"5":3,"6":3,"7":3,"8":3,"9":0,"10":3,"11":3,"12":1,"13":1,"14":1,"15":1,"16":1,"17":1,"18":1,"19":1,"20":0,"21":0,"22":0,"23":0,"24":0},"f":{"0":3,"1":26,"2":5,"3":3,"4":3,"5":1,"6":1},"b":{"0":[5,3,2,1],"1":[0,3],"2":[1,0],"3":[1,0],"4":[1,0],"5":[0,0],"6":[0,0],"7":[0,0]},"_coverageSchema":"1a1c01bbd47fc00a2c39e90264f33305004495a9","hash":"9781bbe00548624c7238f62c136d40e8aff22b81"}
,"/home/zsheng/uscwebsite-hackathon-backend/src/services/bookings.ts": {"path":"/home/zsheng/uscwebsite-hackathon-backend/src/services/bookings.ts","statementMap":{"0":{"start":{"line":21,"column":2},"end":{"line":48,"column":4}},"1":{"start":{"line":60,"column":2},"end":{"line":62,"column":4}},"2":{"start":{"line":74,"column":2},"end":{"line":80,"column":4}},"3":{"start":{"line":90,"column":16},"end":{"line":90,"column":80}},"4":{"start":{"line":91,"column":2},"end":{"line":96,"column":3}},"5":{"start":{"line":92,"column":4},"end":{"line":95,"column":5}},"6":{"start":{"line":98,"column":2},"end":{"line":103,"column":3}},"7":{"start":{"line":99,"column":4},"end":{"line":102,"column":5}},"8":{"start":{"line":106,"column":2},"end":{"line":146,"column":3}},"9":{"start":{"line":107,"column":22},"end":{"line":123,"column":6}},"10":{"start":{"line":124,"column":26},"end":{"line":124,"column":61}},"11":{"start":{"line":124,"column":55},"end":{"line":124,"column":60}},"12":{"start":{"line":125,"column":32},"end":{"line":127,"column":5}},"13":{"start":{"line":126,"column":15},"end":{"line":126,"column":43}},"14":{"start":{"line":128,"column":4},"end":{"line":143,"column":5}},"15":{"start":{"line":129,"column":23},"end":{"line":129,"column":66}},"16":{"start":{"line":129,"column":51},"end":{"line":129,"column":65}},"17":{"start":{"line":130,"column":6},"end":{"line":135,"column":7}},"18":{"start":{"line":131,"column":8},"end":{"line":134,"column":9}},"19":{"start":{"line":137,"column":30},"end":{"line":141,"column":7}},"20":{"start":{"line":142,"column":6},"end":{"line":142,"column":61}},"21":{"start":{"line":144,"column":28},"end":{"line":144,"column":72}},"22":{"start":{"line":145,"column":4},"end":{"line":145,"column":59}},"23":{"start":{"line":148,"column":20},"end":{"line":150,"column":4}},"24":{"start":{"line":152,"column":2},"end":{"line":157,"column":3}},"25":{"start":{"line":153,"column":4},"end":{"line":156,"column":5}},"26":{"start":{"line":159,"column":2},"end":{"line":167,"column":3}},"27":{"start":{"line":163,"column":4},"end":{"line":166,"column":5}},"28":{"start":{"line":169,"column":2},"end":{"line":177,"column":3}},"29":{"start":{"line":173,"column":4},"end":{"line":176,"column":5}},"30":{"start":{"line":179,"column":2},"end":{"line":187,"column":3}},"31":{"start":{"line":183,"column":4},"end":{"line":186,"column":5}},"32":{"start":{"line":189,"column":2},"end":{"line":196,"column":3}},"33":{"start":{"line":190,"column":4},"end":{"line":195,"column":5}},"34":{"start":{"line":198,"column":26},"end":{"line":198,"column":40}},"35":{"start":{"line":199,"column":2},"end":{"line":199,"column":57}},"36":{"start":{"line":215,"column":26},"end":{"line":219,"column":4}},"37":{"start":{"line":221,"column":2},"end":{"line":226,"column":3}},"38":{"start":{"line":222,"column":4},"end":{"line":225,"column":5}},"39":{"start":{"line":228,"column":2},"end":{"line":233,"column":3}},"40":{"start":{"line":229,"column":4},"end":{"line":232,"column":5}},"41":{"start":{"line":235,"column":2},"end":{"line":242,"column":3}},"42":{"start":{"line":236,"column":4},"end":{"line":241,"column":6}},"43":{"start":{"line":244,"column":2},"end":{"line":249,"column":3}},"44":{"start":{"line":245,"column":4},"end":{"line":248,"column":5}},"45":{"start":{"line":251,"column":20},"end":{"line":253,"column":4}},"46":{"start":{"line":254,"column":2},"end":{"line":259,"column":3}},"47":{"start":{"line":255,"column":4},"end":{"line":258,"column":5}},"48":{"start":{"line":261,"column":2},"end":{"line":269,"column":3}},"49":{"start":{"line":265,"column":4},"end":{"line":268,"column":5}},"50":{"start":{"line":271,"column":2},"end":{"line":279,"column":3}},"51":{"start":{"line":275,"column":4},"end":{"line":278,"column":5}},"52":{"start":{"line":281,"column":2},"end":{"line":289,"column":3}},"53":{"start":{"line":285,"column":4},"end":{"line":288,"column":5}},"54":{"start":{"line":291,"column":2},"end":{"line":298,"column":3}},"55":{"start":{"line":292,"column":4},"end":{"line":297,"column":5}},"56":{"start":{"line":300,"column":2},"end":{"line":305,"column":4}},"57":{"start":{"line":313,"column":26},"end":{"line":317,"column":4}},"58":{"start":{"line":318,"column":2},"end":{"line":323,"column":3}},"59":{"start":{"line":319,"column":4},"end":{"line":322,"column":5}},"60":{"start":{"line":325,"column":2},"end":{"line":330,"column":3}},"61":{"start":{"line":326,"column":4},"end":{"line":329,"column":5}},"62":{"start":{"line":331,"column":2},"end":{"line":335,"column":4}}},"fnMap":{"0":{"name":"getAllBookings","decl":{"start":{"line":17,"column":22},"end":{"line":17,"column":36}},"loc":{"start":{"line":20,"column":22},"end":{"line":49,"column":1}},"line":20},"1":{"name":"getUserBookings","decl":{"start":{"line":57,"column":22},"end":{"line":57,"column":37}},"loc":{"start":{"line":59,"column":22},"end":{"line":63,"column":1}},"line":59},"2":{"name":"getBookingById","decl":{"start":{"line":71,"column":22},"end":{"line":71,"column":36}},"loc":{"start":{"line":73,"column":20},"end":{"line":81,"column":1}},"line":73},"3":{"name":"addBooking","decl":{"start":{"line":89,"column":22},"end":{"line":89,"column":32}},"loc":{"start":{"line":89,"column":76},"end":{"line":200,"column":1}},"line":89},"4":{"name":"(anonymous_4)","decl":{"start":{"line":124,"column":48},"end":{"line":124,"column":49}},"loc":{"start":{"line":124,"column":55},"end":{"line":124,"column":60}},"line":124},"5":{"name":"(anonymous_5)","decl":{"start":{"line":126,"column":6},"end":{"line":126,"column":7}},"loc":{"start":{"line":126,"column":15},"end":{"line":126,"column":43}},"line":126},"6":{"name":"(anonymous_6)","decl":{"start":{"line":129,"column":42},"end":{"line":129,"column":43}},"loc":{"start":{"line":129,"column":51},"end":{"line":129,"column":65}},"line":129},"7":{"name":"updateBooking","decl":{"start":{"line":210,"column":22},"end":{"line":210,"column":35}},"loc":{"start":{"line":214,"column":20},"end":{"line":306,"column":1}},"line":214},"8":{"name":"deleteBooking","decl":{"start":{"line":309,"column":22},"end":{"line":309,"column":35}},"loc":{"start":{"line":312,"column":20},"end":{"line":336,"column":1}},"line":312}},"branchMap":{"0":{"loc":{"start":{"line":91,"column":2},"end":{"line":96,"column":3}},"type":"if","locations":[{"start":{"line":91,"column":2},"end":{"line":96,"column":3}},{"start":{},"end":{}}],"line":91},"1":{"loc":{"start":{"line":98,"column":2},"end":{"line":103,"column":3}},"type":"if","locations":[{"start":{"line":98,"column":2},"end":{"line":103,"column":3}},{"start":{},"end":{}}],"line":98},"2":{"loc":{"start":{"line":106,"column":2},"end":{"line":146,"column":3}},"type":"if","locations":[{"start":{"line":106,"column":2},"end":{"line":146,"column":3}},{"start":{},"end":{}}],"line":106},"3":{"loc":{"start":{"line":128,"column":4},"end":{"line":143,"column":5}},"type":"if","locations":[{"start":{"line":128,"column":4},"end":{"line":143,"column":5}},{"start":{},"end":{}}],"line":128},"4":{"loc":{"start":{"line":130,"column":6},"end":{"line":135,"column":7}},"type":"if","locations":[{"start":{"line":130,"column":6},"end":{"line":135,"column":7}},{"start":{},"end":{}}],"line":130},"5":{"loc":{"start":{"line":152,"column":2},"end":{"line":157,"column":3}},"type":"if","locations":[{"start":{"line":152,"column":2},"end":{"line":157,"column":3}},{"start":{},"end":{}}],"line":152},"6":{"loc":{"start":{"line":159,"column":2},"end":{"line":167,"column":3}},"type":"if","locations":[{"start":{"line":159,"column":2},"end":{"line":167,"column":3}},{"start":{},"end":{}}],"line":159},"7":{"loc":{"start":{"line":169,"column":2},"end":{"line":177,"column":3}},"type":"if","locations":[{"start":{"line":169,"column":2},"end":{"line":177,"column":3}},{"start":{},"end":{}}],"line":169},"8":{"loc":{"start":{"line":179,"column":2},"end":{"line":187,"column":3}},"type":"if","locations":[{"start":{"line":179,"column":2},"end":{"line":187,"column":3}},{"start":{},"end":{}}],"line":179},"9":{"loc":{"start":{"line":189,"column":2},"end":{"line":196,"column":3}},"type":"if","locations":[{"start":{"line":189,"column":2},"end":{"line":196,"column":3}},{"start":{},"end":{}}],"line":189},"10":{"loc":{"start":{"line":221,"column":2},"end":{"line":226,"column":3}},"type":"if","locations":[{"start":{"line":221,"column":2},"end":{"line":226,"column":3}},{"start":{},"end":{}}],"line":221},"11":{"loc":{"start":{"line":228,"column":2},"end":{"line":233,"column":3}},"type":"if","locations":[{"start":{"line":228,"column":2},"end":{"line":233,"column":3}},{"start":{},"end":{}}],"line":228},"12":{"loc":{"start":{"line":235,"column":2},"end":{"line":242,"column":3}},"type":"if","locations":[{"start":{"line":235,"column":2},"end":{"line":242,"column":3}},{"start":{},"end":{}}],"line":235},"13":{"loc":{"start":{"line":244,"column":2},"end":{"line":249,"column":3}},"type":"if","locations":[{"start":{"line":244,"column":2},"end":{"line":249,"column":3}},{"start":{},"end":{}}],"line":244},"14":{"loc":{"start":{"line":254,"column":2},"end":{"line":259,"column":3}},"type":"if","locations":[{"start":{"line":254,"column":2},"end":{"line":259,"column":3}},{"start":{},"end":{}}],"line":254},"15":{"loc":{"start":{"line":261,"column":2},"end":{"line":269,"column":3}},"type":"if","locations":[{"start":{"line":261,"column":2},"end":{"line":269,"column":3}},{"start":{},"end":{}}],"line":261},"16":{"loc":{"start":{"line":271,"column":2},"end":{"line":279,"column":3}},"type":"if","locations":[{"start":{"line":271,"column":2},"end":{"line":279,"column":3}},{"start":{},"end":{}}],"line":271},"17":{"loc":{"start":{"line":281,"column":2},"end":{"line":289,"column":3}},"type":"if","locations":[{"start":{"line":281,"column":2},"end":{"line":289,"column":3}},{"start":{},"end":{}}],"line":281},"18":{"loc":{"start":{"line":291,"column":2},"end":{"line":298,"column":3}},"type":"if","locations":[{"start":{"line":291,"column":2},"end":{"line":298,"column":3}},{"start":{},"end":{}}],"line":291},"19":{"loc":{"start":{"line":318,"column":2},"end":{"line":323,"column":3}},"type":"if","locations":[{"start":{"line":318,"column":2},"end":{"line":323,"column":3}},{"start":{},"end":{}}],"line":318},"20":{"loc":{"start":{"line":325,"column":2},"end":{"line":330,"column":3}},"type":"if","locations":[{"start":{"line":325,"column":2},"end":{"line":330,"column":3}},{"start":{},"end":{}}],"line":325},"21":{"loc":{"start":{"line":325,"column":6},"end":{"line":325,"column":76}},"type":"binary-expr","locations":[{"start":{"line":325,"column":6},"end":{"line":325,"column":39}},{"start":{"line":325,"column":43},"end":{"line":325,"column":76}}],"line":325}},"s":{"0":0,"1":0,"2":0,"3":3,"4":3,"5":3,"6":0,"7":0,"8":0,"9":0,"10":0,"11":0,"12":0,"13":0,"14":0,"15":0,"16":0,"17":0,"18":0,"19":0,"20":0,"21":0,"22":0,"23":0,"24":0,"25":0,"26":0,"27":0,"28":0,"29":0,"30":0,"31":0,"32":0,"33":0,"34":0,"35":0,"36":0,"37":0,"38":0,"39":0,"40":0,"41":0,"42":0,"43":0,"44":0,"45":0,"46":0,"47":0,"48":0,"49":0,"50":0,"51":0,"52":0,"53":0,"54":0,"55":0,"56":0,"57":0,"58":0,"59":0,"60":0,"61":0,"62":0},"f":{"0":0,"1":0,"2":0,"3":3,"4":0,"5":0,"6":0,"7":0,"8":0},"b":{"0":[3,0],"1":[0,0],"2":[0,0],"3":[0,0],"4":[0,0],"5":[0,0],"6":[0,0],"7":[0,0],"8":[0,0],"9":[0,0],"10":[0,0],"11":[0,0],"12":[0,0],"13":[0,0],"14":[0,0],"15":[0,0],"16":[0,0],"17":[0,0],"18":[0,0],"19":[0,0],"20":[0,0],"21":[0,0]},"_coverageSchema":"1a1c01bbd47fc00a2c39e90264f33305004495a9","hash":"b86f854d2a3372d339cabce3f5a5520e1d78ac1b"}
,"/home/zsheng/uscwebsite-hackathon-backend/src/services/test/singleton.ts": {"path":"/home/zsheng/uscwebsite-hackathon-backend/src/services/test/singleton.ts","statementMap":{"0":{"start":{"line":7,"column":0},"end":{"line":10,"column":3}},"1":{"start":{"line":7,"column":35},"end":{"line":10,"column":1}},"2":{"start":{"line":12,"column":0},"end":{"line":14,"column":2}},"3":{"start":{"line":13,"column":2},"end":{"line":13,"column":23}},"4":{"start":{"line":16,"column":26},"end":{"line":16,"column":74}}},"fnMap":{"0":{"name":"(anonymous_0)","decl":{"start":{"line":7,"column":28},"end":{"line":7,"column":29}},"loc":{"start":{"line":7,"column":35},"end":{"line":10,"column":1}},"line":7},"1":{"name":"(anonymous_1)","decl":{"start":{"line":12,"column":11},"end":{"line":12,"column":12}},"loc":{"start":{"line":12,"column":17},"end":{"line":14,"column":1}},"line":12}},"branchMap":{},"s":{"0":1,"1":1,"2":1,"3":3,"4":1},"f":{"0":1,"1":3},"b":{},"_coverageSchema":"1a1c01bbd47fc00a2c39e90264f33305004495a9","hash":"444b1b6d0a5731dd31aadad160dc9530b45ebf64"}
,"/home/zsheng/uscwebsite-hackathon-backend/src/services/test/utils.ts": {"path":"/home/zsheng/uscwebsite-hackathon-backend/src/services/test/utils.ts","statementMap":{"0":{"start":{"line":5,"column":44},"end":{"line":6,"column":35}},"1":{"start":{"line":6,"column":2},"end":{"line":6,"column":35}},"2":{"start":{"line":9,"column":2},"end":{"line":18,"column":3}},"3":{"start":{"line":22,"column":2},"end":{"line":25,"column":3}},"4":{"start":{"line":29,"column":2},"end":{"line":36,"column":3}},"5":{"start":{"line":40,"column":2},"end":{"line":45,"column":3}},"6":{"start":{"line":49,"column":2},"end":{"line":54,"column":3}},"7":{"start":{"line":58,"column":2},"end":{"line":63,"column":3}}},"fnMap":{"0":{"name":"(anonymous_0)","decl":{"start":{"line":5,"column":44},"end":{"line":5,"column":45}},"loc":{"start":{"line":6,"column":2},"end":{"line":6,"column":35}},"line":6},"1":{"name":"generateRandomBooking","decl":{"start":{"line":8,"column":16},"end":{"line":8,"column":37}},"loc":{"start":{"line":8,"column":74},"end":{"line":19,"column":1}},"line":8},"2":{"name":"generateRandomVenue","decl":{"start":{"line":21,"column":16},"end":{"line":21,"column":35}},"loc":{"start":{"line":21,"column":45},"end":{"line":26,"column":1}},"line":21},"3":{"name":"generateRandomUser","decl":{"start":{"line":28,"column":16},"end":{"line":28,"column":34}},"loc":{"start":{"line":28,"column":43},"end":{"line":37,"column":1}},"line":28},"4":{"name":"generateRandomOrganisation","decl":{"start":{"line":39,"column":16},"end":{"line":39,"column":42}},"loc":{"start":{"line":39,"column":59},"end":{"line":46,"column":1}},"line":39},"5":{"name":"generateRandomAdminOrganisation","decl":{"start":{"line":48,"column":16},"end":{"line":48,"column":47}},"loc":{"start":{"line":48,"column":64},"end":{"line":55,"column":1}},"line":48},"6":{"name":"generateUserOnOrg","decl":{"start":{"line":57,"column":16},"end":{"line":57,"column":33}},"loc":{"start":{"line":57,"column":76},"end":{"line":64,"column":1}},"line":57}},"branchMap":{},"s":{"0":2,"1":5,"2":0,"3":1,"4":2,"5":1,"6":1,"7":2},"f":{"0":5,"1":0,"2":1,"3":2,"4":1,"5":1,"6":2},"b":{},"_coverageSchema":"1a1c01bbd47fc00a2c39e90264f33305004495a9","hash":"8e56071bfbaa089eab9332c49b61136286c3f148"}
}
