TN:
SF:db.ts
FNF:0
FNH:0
DA:3,1
DA:8,1
DA:10,1
LF:3
LH:3
BRDA:8,0,0,1
BRDA:8,0,1,1
BRDA:10,1,0,1
BRDA:10,1,1,0
BRF:4
BRH:3
end_of_record
TN:
SF:src/config/common.ts
FN:7,parseEnvToInt
FN:11,getSlugFromIgName
FN:40,throwIfNotAdmin
FNF:3
FNH:1
FNDA:8,parseEnvToInt
FNDA:0,getSlugFromIgName
FNDA:0,throwIfNotAdmin
DA:8,8
DA:12,0
DA:23,2
DA:27,2
DA:31,2
DA:35,2
DA:41,0
DA:42,0
LF:8
LH:5
BRDA:8,0,0,8
BRDA:8,0,1,6
BRDA:8,0,2,2
BRDA:41,1,0,0
BRDA:41,1,1,0
BRF:5
BRH:3
end_of_record
TN:
SF:src/exceptions/HttpException.ts
FN:13,(anonymous_0)
FNF:1
FNH:1
FNDA:3,(anonymous_0)
DA:17,3
DA:18,3
LF:2
LH:2
BRDA:15,0,0,0
BRF:1
BRH:0
end_of_record
TN:
SF:src/middlewares/checks.ts
FN:18,checkUserinOrg
FN:55,convertDateToMinutes
FN:68,checkStartEndTime
FN:89,checkIsUserAdmin
FN:113,checkBookingPrivelege
FN:136,checkConflictingBooking
FN:166,checkStackedBookings
FNF:7
FNH:7
FNDA:3,checkUserinOrg
FNDA:26,convertDateToMinutes
FNDA:5,checkStartEndTime
FNDA:3,checkIsUserAdmin
FNDA:3,checkBookingPrivelege
FNDA:1,checkConflictingBooking
FNDA:1,checkStackedBookings
DA:23,3
DA:51,3
DA:56,26
DA:69,5
DA:90,3
DA:104,3
DA:114,3
DA:115,3
DA:117,3
DA:119,0
DA:123,3
DA:125,3
DA:140,1
DA:141,1
DA:142,1
DA:155,1
DA:167,1
DA:168,1
DA:183,1
DA:184,1
DA:187,0
DA:200,0
DA:214,0
DA:221,0
DA:228,0
LF:25
LH:19
BRDA:70,0,0,5
BRDA:70,0,1,3
BRDA:70,0,2,2
BRDA:70,0,3,1
BRDA:117,1,0,0
BRDA:117,1,1,3
BRDA:147,2,0,1
BRDA:147,2,1,0
BRDA:155,3,0,1
BRDA:155,3,1,0
BRDA:183,4,0,1
BRDA:183,4,1,0
BRDA:214,5,0,0
BRDA:214,5,1,0
BRDA:221,6,0,0
BRDA:221,6,1,0
BRDA:228,7,0,0
BRDA:228,7,1,0
BRF:18
BRH:8
end_of_record
TN:
SF:src/services/bookings.ts
FN:17,getAllBookings
FN:57,getUserBookings
FN:71,getBookingById
FN:89,addBooking
FN:124,(anonymous_4)
FN:126,(anonymous_5)
FN:129,(anonymous_6)
FN:210,updateBooking
FN:309,deleteBooking
FNF:9
FNH:1
FNDA:0,getAllBookings
FNDA:0,getUserBookings
FNDA:0,getBookingById
FNDA:3,addBooking
FNDA:0,(anonymous_4)
FNDA:0,(anonymous_5)
FNDA:0,(anonymous_6)
FNDA:0,updateBooking
FNDA:0,deleteBooking
DA:21,0
DA:60,0
DA:74,0
DA:90,3
DA:91,3
DA:92,3
DA:98,0
DA:99,0
DA:106,0
DA:107,0
DA:124,0
DA:125,0
DA:126,0
DA:128,0
DA:129,0
DA:130,0
DA:131,0
DA:137,0
DA:142,0
DA:144,0
DA:145,0
DA:148,0
DA:152,0
DA:153,0
DA:159,0
DA:163,0
DA:169,0
DA:173,0
DA:179,0
DA:183,0
DA:189,0
DA:190,0
DA:198,0
DA:199,0
DA:215,0
DA:221,0
DA:222,0
DA:228,0
DA:229,0
DA:235,0
DA:236,0
DA:244,0
DA:245,0
DA:251,0
DA:254,0
DA:255,0
DA:261,0
DA:265,0
DA:271,0
DA:275,0
DA:281,0
DA:285,0
DA:291,0
DA:292,0
DA:300,0
DA:313,0
DA:318,0
DA:319,0
DA:325,0
DA:326,0
DA:331,0
LF:61
LH:3
BRDA:91,0,0,3
BRDA:91,0,1,0
BRDA:98,1,0,0
BRDA:98,1,1,0
BRDA:106,2,0,0
BRDA:106,2,1,0
BRDA:128,3,0,0
BRDA:128,3,1,0
BRDA:130,4,0,0
BRDA:130,4,1,0
BRDA:152,5,0,0
BRDA:152,5,1,0
BRDA:159,6,0,0
BRDA:159,6,1,0
BRDA:169,7,0,0
BRDA:169,7,1,0
BRDA:179,8,0,0
BRDA:179,8,1,0
BRDA:189,9,0,0
BRDA:189,9,1,0
BRDA:221,10,0,0
BRDA:221,10,1,0
BRDA:228,11,0,0
BRDA:228,11,1,0
BRDA:235,12,0,0
BRDA:235,12,1,0
BRDA:244,13,0,0
BRDA:244,13,1,0
BRDA:254,14,0,0
BRDA:254,14,1,0
BRDA:261,15,0,0
BRDA:261,15,1,0
BRDA:271,16,0,0
BRDA:271,16,1,0
BRDA:281,17,0,0
BRDA:281,17,1,0
BRDA:291,18,0,0
BRDA:291,18,1,0
BRDA:318,19,0,0
BRDA:318,19,1,0
BRDA:325,20,0,0
BRDA:325,20,1,0
BRDA:325,21,0,0
BRDA:325,21,1,0
BRF:44
BRH:1
end_of_record
TN:
SF:src/services/test/singleton.ts
FN:7,(anonymous_0)
FN:12,(anonymous_1)
FNF:2
FNH:2
FNDA:1,(anonymous_0)
FNDA:3,(anonymous_1)
DA:7,1
DA:12,1
DA:13,3
DA:16,1
LF:4
LH:4
BRF:0
BRH:0
end_of_record
TN:
SF:src/services/test/utils.ts
FN:5,(anonymous_0)
FN:8,generateRandomBooking
FN:21,generateRandomVenue
FN:28,generateRandomUser
FN:39,generateRandomOrganisation
FN:48,generateRandomAdminOrganisation
FN:57,generateUserOnOrg
FNF:7
FNH:6
FNDA:5,(anonymous_0)
FNDA:0,generateRandomBooking
FNDA:1,generateRandomVenue
FNDA:2,generateRandomUser
FNDA:1,generateRandomOrganisation
FNDA:1,generateRandomAdminOrganisation
FNDA:2,generateUserOnOrg
DA:5,2
DA:6,5
DA:9,0
DA:22,1
DA:29,2
DA:40,1
DA:49,1
DA:58,2
LF:8
LH:7
BRF:0
BRH:0
end_of_record
